yukos
bn
gm
lse
gazprom
fiat
boerse
worldcom
ebbers
deutsche
rosneft
yugansk
bankruptcy
growth
shareholders
sec
boeing
economy
bank
sales
economic
economist
khodorkovsky
euronext
inflation
marsh
glazer
bmw
prices
currency
rupees
imf
deficit
airbus
mci
exports
parmalat
yuganskneftegas
baikal
companies
analysts
barclays
mortgage
wto
firms
creditors
banking
dollar
saudi
trillion
actress
festival
aviator
oscar
chart
comedy
movie
activity
powered
foxx
actors
singer
drake
starring
angels
sideways
scorsese
rapper
oscars
swank
eastwood
staunton
dicaprio
awards
singles
nominated
nominations
ballet
musical
bowers
band
imelda
pop
irish
charts
elvis
theatre
screenplay
brit
grammy
vera
drama
drayton
nominees
screened
dvd
academy
permanently
guitarist
usher
tory
tories
lib
vested
ukip
kilroy
dinosaur
blunkett
dems
asylum
marketed
accompaniment
timeslot
cult
ladies
jacqueline
winners
first
prescott
illustrations
overstated
platinum
milburn
goldsmith
wracking
khan
veritas
disused
hirst
detainees
manifesto
suspects
oe
terrorists
falconer
oaten
guantanamo
inconclusive
detention
nhs
peston
councils
framework
westminster
rebate
indicted
hunting
riddell
mcletchie
confidentiality
roddick
talal
championships
referee
reeve
athletics
mourinho
finals
nadal
kenteris
iaaf
doping
wenger
athens
gara
federer
thanou
henman
seed
driscoll
semiotics
slam
jammins
benitez
dallaglio
henson
conte
davenport
lions
scrum
yantai
ruddock
flanker
moya
shareholder
cole
souness
wasps
agassi
ceo
capt
stade
uefa
safin
bittersweet
eastbourne
gloucester
blacks
gardener
paula
twickenham
eleni
discriminated
spam
mobiles
gadgets
portable
xbox
martyn
viruses
computers
legitimisation
blog
chipping
amalric
hey
multimedia
arvind
ds
enchanting
consoles
hd
wi
amuro
confidentiality
survived
jennings
nzame
constables
stalin
margaret
ozkan
eaton
domain
guitar
browser
psp
halo
sown
gardens
jostled
limped
nokia
handset
juninho
empires
computing
bittorrent
gmac
jews
