oil
yukos
economy
deutsche
shares
lse
analysts
takeover
boerse
investors
bn
economic
shareholders
boeing
airbus
dollar
reuters
gazprom
tax
rover
euronext
nissan
prices
rosneft
yugansk
economist
gas
mr
khodorkovsky
exports
market
bank
crude
rates
stake
tobacco
aircraft
lending
stock
economists
wto
growth
owned
eu
government
menatep
tci
ghosn
airline
inflation
singer
festival
nominated
actress
comedy
nominations
starring
timewarner
oscar
actor
actors
aviator
increased
awards
movie
serge
drama
chart
dicaprio
kapranos
star
director
musical
pop
bollywood
skills
bpi
theatre
organisers
nair
brit
ozzy
stern
charles
stifling
kasabian
oscars
shortlist
artist
rapper
nirvana
broadcasting
reeves
breweries
jurisdiction
novel
singles
piracy
la
dirty
kilroy
silk
ukip
politcians
screwed
tory
scotland
tories
refund
forsyth
lords
sponsorship
treasures
lib
muller
liberal
terror
veritas
darker
shadow
manifesto
blunkett
hayao
vanessa
straw
immigration
curfew
dems
terrorists
rebate
vindicated
asylum
democrats
julie
songwriters
agree
suspects
royalties
commons
dem
brownsville
frustrates
ira
orchestras
providing
detained
democracy
prescott
renowned
blanchett
chelsea
rugby
ball
arsenal
dallaglio
seed
freddie
mehta
lions
pretend
celtic
slam
dodge
captain
stade
championships
prices
finals
iaaf
referee
tennis
athens
championship
yards
giggs
ruddock
serena
mirza
upbeat
athletics
thanou
laporte
capt
agassi
kenteris
scored
roddick
davenport
handling
greene
gallas
gerrard
bellamy
biarritz
federer
tournament
speculation
elected
athletes
mcilroy
gardener
splashed
mower
spam
device
hd
siberia
images
scar
blu
format
windows
bt
machine
programs
portable
og
patents
ipod
past
songwriters
gadget
simonetti
paterson
yougov
illiberal
repeatedly
australia
praising
sends
viruses
endings
multimedia
blog
ds
epidemic
toshiba
domain
phuket
ferrero
console
mobiles
ea
library
sending
pair
laser
silicon
speeds
user
